<?xml version="1.0" encoding="UTF-8"?>
<!-- Generated by org.testng.reporters.JUnitReportReporter -->
<testsuite hostname="Sais-MacBook-Air.local" failures="0" tests="1" name="com.orangehrm.sanity.Sanity_000_Dumy" time="0.085" errors="0" timestamp="2023-06-13T15:47:36 IST" skipped="0">
  <testcase classname="com.orangehrm.sanity.Sanity_000_Dumy" name="test" time="0.085"/>
  <system-out/>
</testsuite> <!-- com.orangehrm.sanity.Sanity_000_Dumy -->
