<?xml version="1.0" encoding="UTF-8"?>
<!-- Generated by org.testng.reporters.JUnitReportReporter -->
<testsuite hostname="Sais-MacBook-Air.local" failures="0" tests="1" name="com.orangehrm.sanity.Sanity_001_Create_User" time="75.623" errors="0" timestamp="2023-06-18T01:58:20 IST" skipped="0">
  <testcase classname="com.orangehrm.sanity.Sanity_001_Create_User" name="test" time="75.623"/>
  <system-out>
    <![CDATA[Login Page is present
The value is filled in the textbox :Username
The value is filled in the textbox :Password
Login Button is clicked
Side Panel is present
The side panel tabs is visible
PIM is clicked
Sub tabs is visible
Employee List is clicked
The employee list tab is present
Add button is clicked
The spinner is invisible
The Add employee tab is present
The value is filled in the textbox :Firstname
The value is filled in the textbox :Lastname
Enter login details Toggle button is clicked
Username is present
The value is filled in the textbox :Username
The value is filled in the textbox :Password
The value is filled in the textbox :Confirm password
Save button is clicked
The spinner is invisible
The side panel tabs is visible
Admin is clicked
User Management is present
The value is filled in the textbox :Username
Search button is clicked
The spinner is invisible
User search results is visible
The desired user is present in the result]]>
  </system-out>
</testsuite> <!-- com.orangehrm.sanity.Sanity_001_Create_User -->
