<?xml version="1.0" encoding="UTF-8"?>
<!-- Generated by org.testng.reporters.JUnitReportReporter -->
<testsuite hostname="Sais-MacBook-Air.local" failures="0" tests="1" name="com.orangehrm.sanity.Sanity_001_Create_User" time="74.134" errors="0" timestamp="2023-06-18T00:48:07 IST" skipped="0">
  <testcase classname="com.orangehrm.sanity.Sanity_001_Create_User" name="test" time="74.134"/>
  <system-out>
    <![CDATA[The desired element is present
The value is filled in the element
The value is filled in the element
The desired element is clicked
The desired element is present
The desired element is visible
The desired element is clicked
The desired element is clicked
The desired element is visible
The desired element is clicked
The desired element is clicked
The desired element is present
The desired element is clicked
The desired element is not visible
The desired element is present
The value is filled in the element
The value is filled in the element
The desired element is clicked
The toggle button is clicked
The desired element is present
The value is filled in the element
The value is filled in the element
The value is filled in the element
The desired element is clicked
The desired element is not visible
The desired element is visible
The desired element is clicked
The desired element is clicked
The desired element is present
The value is filled in the element
The desired element is clicked
The desired element is not visible
The desired element is visible
The desired element is clicked
The desired user is present in the result]]>
  </system-out>
</testsuite> <!-- com.orangehrm.sanity.Sanity_001_Create_User -->
